

Unused terminals:

   IDENT
   IGUAL

Grammar

Rule 1     expression -> expression MAS expression
Rule 2     expression -> expression MENOS expression
Rule 3     expression -> expression MULT expression
Rule 4     expression -> expression DIVISION expression
Rule 5     expression -> PARENIZQ expression PARENDER
Rule 6     expression -> NUMERO

Terminals, with rules where they appear

DIVISION             : 4
IDENT                : 
IGUAL                : 
MAS                  : 1
MENOS                : 2
MULT                 : 3
NUMERO               : 6
PARENDER             : 5
PARENIZQ             : 5
error                : 

Nonterminals, with rules where they appear

expression           : 1 1 2 2 3 3 4 4 5 0


Parsing method: LALR


state 0

    (0) S' -> . expression
    (1) expression -> . expression MAS expression
    (2) expression -> . expression MENOS expression
    (3) expression -> . expression MULT expression
    (4) expression -> . expression DIVISION expression
    (5) expression -> . PARENIZQ expression PARENDER
    (6) expression -> . NUMERO

    PARENIZQ        shift and go to state 3
    NUMERO          shift and go to state 1


    expression                     shift and go to state 2

state 1

    (6) expression -> NUMERO .

    MAS             reduce using rule 6 (expression -> NUMERO .)
    MENOS           reduce using rule 6 (expression -> NUMERO .)
    MULT            reduce using rule 6 (expression -> NUMERO .)
    DIVISION        reduce using rule 6 (expression -> NUMERO .)
    $end            reduce using rule 6 (expression -> NUMERO .)
    PARENDER        reduce using rule 6 (expression -> NUMERO .)



state 2

    (0) S' -> expression .
    (1) expression -> expression . MAS expression
    (2) expression -> expression . MENOS expression
    (3) expression -> expression . MULT expression
    (4) expression -> expression . DIVISION expression

    MAS             shift and go to state 5
    MENOS           shift and go to state 6
    MULT            shift and go to state 7
    DIVISION        shift and go to state 4



state 3

    (5) expression -> PARENIZQ . expression PARENDER
    (1) expression -> . expression MAS expression
    (2) expression -> . expression MENOS expression
    (3) expression -> . expression MULT expression
    (4) expression -> . expression DIVISION expression
    (5) expression -> . PARENIZQ expression PARENDER
    (6) expression -> . NUMERO

    PARENIZQ        shift and go to state 3
    NUMERO          shift and go to state 1


    expression                     shift and go to state 8

state 4

    (4) expression -> expression DIVISION . expression
    (1) expression -> . expression MAS expression
    (2) expression -> . expression MENOS expression
    (3) expression -> . expression MULT expression
    (4) expression -> . expression DIVISION expression
    (5) expression -> . PARENIZQ expression PARENDER
    (6) expression -> . NUMERO

    PARENIZQ        shift and go to state 3
    NUMERO          shift and go to state 1


    expression                     shift and go to state 9

state 5

    (1) expression -> expression MAS . expression
    (1) expression -> . expression MAS expression
    (2) expression -> . expression MENOS expression
    (3) expression -> . expression MULT expression
    (4) expression -> . expression DIVISION expression
    (5) expression -> . PARENIZQ expression PARENDER
    (6) expression -> . NUMERO

    PARENIZQ        shift and go to state 3
    NUMERO          shift and go to state 1


    expression                     shift and go to state 10

state 6

    (2) expression -> expression MENOS . expression
    (1) expression -> . expression MAS expression
    (2) expression -> . expression MENOS expression
    (3) expression -> . expression MULT expression
    (4) expression -> . expression DIVISION expression
    (5) expression -> . PARENIZQ expression PARENDER
    (6) expression -> . NUMERO

    PARENIZQ        shift and go to state 3
    NUMERO          shift and go to state 1


    expression                     shift and go to state 11

state 7

    (3) expression -> expression MULT . expression
    (1) expression -> . expression MAS expression
    (2) expression -> . expression MENOS expression
    (3) expression -> . expression MULT expression
    (4) expression -> . expression DIVISION expression
    (5) expression -> . PARENIZQ expression PARENDER
    (6) expression -> . NUMERO

    PARENIZQ        shift and go to state 3
    NUMERO          shift and go to state 1


    expression                     shift and go to state 12

state 8

    (5) expression -> PARENIZQ expression . PARENDER
    (1) expression -> expression . MAS expression
    (2) expression -> expression . MENOS expression
    (3) expression -> expression . MULT expression
    (4) expression -> expression . DIVISION expression

    PARENDER        shift and go to state 13
    MAS             shift and go to state 5
    MENOS           shift and go to state 6
    MULT            shift and go to state 7
    DIVISION        shift and go to state 4



state 9

    (4) expression -> expression DIVISION expression .
    (1) expression -> expression . MAS expression
    (2) expression -> expression . MENOS expression
    (3) expression -> expression . MULT expression
    (4) expression -> expression . DIVISION expression

    MAS             reduce using rule 4 (expression -> expression DIVISION expression .)
    MENOS           reduce using rule 4 (expression -> expression DIVISION expression .)
    MULT            reduce using rule 4 (expression -> expression DIVISION expression .)
    DIVISION        reduce using rule 4 (expression -> expression DIVISION expression .)
    $end            reduce using rule 4 (expression -> expression DIVISION expression .)
    PARENDER        reduce using rule 4 (expression -> expression DIVISION expression .)

  ! MAS             [ shift and go to state 5 ]
  ! MENOS           [ shift and go to state 6 ]
  ! MULT            [ shift and go to state 7 ]
  ! DIVISION        [ shift and go to state 4 ]


state 10

    (1) expression -> expression MAS expression .
    (1) expression -> expression . MAS expression
    (2) expression -> expression . MENOS expression
    (3) expression -> expression . MULT expression
    (4) expression -> expression . DIVISION expression

    MAS             reduce using rule 1 (expression -> expression MAS expression .)
    MENOS           reduce using rule 1 (expression -> expression MAS expression .)
    $end            reduce using rule 1 (expression -> expression MAS expression .)
    PARENDER        reduce using rule 1 (expression -> expression MAS expression .)
    MULT            shift and go to state 7
    DIVISION        shift and go to state 4

  ! MULT            [ reduce using rule 1 (expression -> expression MAS expression .) ]
  ! DIVISION        [ reduce using rule 1 (expression -> expression MAS expression .) ]
  ! MAS             [ shift and go to state 5 ]
  ! MENOS           [ shift and go to state 6 ]


state 11

    (2) expression -> expression MENOS expression .
    (1) expression -> expression . MAS expression
    (2) expression -> expression . MENOS expression
    (3) expression -> expression . MULT expression
    (4) expression -> expression . DIVISION expression

    MAS             reduce using rule 2 (expression -> expression MENOS expression .)
    MENOS           reduce using rule 2 (expression -> expression MENOS expression .)
    $end            reduce using rule 2 (expression -> expression MENOS expression .)
    PARENDER        reduce using rule 2 (expression -> expression MENOS expression .)
    MULT            shift and go to state 7
    DIVISION        shift and go to state 4

  ! MULT            [ reduce using rule 2 (expression -> expression MENOS expression .) ]
  ! DIVISION        [ reduce using rule 2 (expression -> expression MENOS expression .) ]
  ! MAS             [ shift and go to state 5 ]
  ! MENOS           [ shift and go to state 6 ]


state 12

    (3) expression -> expression MULT expression .
    (1) expression -> expression . MAS expression
    (2) expression -> expression . MENOS expression
    (3) expression -> expression . MULT expression
    (4) expression -> expression . DIVISION expression

    MAS             reduce using rule 3 (expression -> expression MULT expression .)
    MENOS           reduce using rule 3 (expression -> expression MULT expression .)
    MULT            reduce using rule 3 (expression -> expression MULT expression .)
    DIVISION        reduce using rule 3 (expression -> expression MULT expression .)
    $end            reduce using rule 3 (expression -> expression MULT expression .)
    PARENDER        reduce using rule 3 (expression -> expression MULT expression .)

  ! MAS             [ shift and go to state 5 ]
  ! MENOS           [ shift and go to state 6 ]
  ! MULT            [ shift and go to state 7 ]
  ! DIVISION        [ shift and go to state 4 ]


state 13

    (5) expression -> PARENIZQ expression PARENDER .

    MAS             reduce using rule 5 (expression -> PARENIZQ expression PARENDER .)
    MENOS           reduce using rule 5 (expression -> PARENIZQ expression PARENDER .)
    MULT            reduce using rule 5 (expression -> PARENIZQ expression PARENDER .)
    DIVISION        reduce using rule 5 (expression -> PARENIZQ expression PARENDER .)
    $end            reduce using rule 5 (expression -> PARENIZQ expression PARENDER .)
    PARENDER        reduce using rule 5 (expression -> PARENIZQ expression PARENDER .)


